<?xml version="1.0" encoding="utf-8"?><testsuites name="pytest tests"><testsuite name="pytest" errors="0" failures="0" skipped="0" tests="25" time="0.237" timestamp="2026-01-20T11:03:25.247623+00:00" hostname="agent-env-eed65a2f-21cb-4168-bdf6-ece892677b51"><testcase classname="tests.test_autonomous_functions.TestModuleLevelFunctions" name="test_performEmailSend_at_module_level" time="0.003" /><testcase classname="tests.test_autonomous_functions.TestModuleLevelFunctions" name="test_performWhatsAppSend_at_module_level" time="0.000" /><testcase classname="tests.test_autonomous_functions.TestEmailJSInitialization" name="test_emailjs_init_at_module_load" time="0.000" /><testcase classname="tests.test_autonomous_functions.TestEmailJSInitialization" name="test_emailjs_init_in_try_catch" time="0.000" /><testcase classname="tests.test_autonomous_functions.TestPerformEmailSendFunction" name="test_has_demande_emailjs_log" time="0.000" /><testcase classname="tests.test_autonomous_functions.TestPerformEmailSendFunction" name="test_uses_emailjs_send" time="0.000" /><testcase classname="tests.test_autonomous_functions.TestPerformEmailSendFunction" name="test_returns_success_object" time="0.000" /><testcase classname="tests.test_autonomous_functions.TestPerformWhatsAppSendFunction" name="test_has_simulation_mode" time="0.000" /><testcase classname="tests.test_autonomous_functions.TestPerformWhatsAppSendFunction" name="test_checks_twilio_config" time="0.000" /><testcase classname="tests.test_autonomous_functions.TestPerformWhatsAppSendFunction" name="test_returns_simulated_flag" time="0.000" /><testcase classname="tests.test_autonomous_functions.TestHandlerImplementations" name="test_handleTestEmailJS_uses_performEmailSend" time="0.000" /><testcase classname="tests.test_autonomous_functions.TestHandlerImplementations" name="test_handleTestWhatsApp_uses_performWhatsAppSend" time="0.000" /><testcase classname="tests.test_autonomous_functions.TestHandlerImplementations" name="test_launchCampaignWithSend_uses_both_functions" time="0.000" /><testcase classname="tests.test_autonomous_functions.TestEventHandlingFirst" name="test_handleTestEmailJS_event_handling_first" time="0.000" /><testcase classname="tests.test_autonomous_functions.TestEventHandlingFirst" name="test_handleTestWhatsApp_event_handling_first" time="0.000" /><testcase classname="tests.test_autonomous_functions.TestEventHandlingFirst" name="test_launchCampaignWithSend_event_handling_first" time="0.001" /><testcase classname="tests.test_autonomous_functions.TestNestedTryCatch" name="test_handleTestEmailJS_nested_try_catch" time="0.000" /><testcase classname="tests.test_autonomous_functions.TestNestedTryCatch" name="test_handleTestWhatsApp_nested_try_catch" time="0.000" /><testcase classname="tests.test_autonomous_functions.TestNestedTryCatch" name="test_launchCampaignWithSend_nested_try_catch" time="0.000" /><testcase classname="tests.test_autonomous_functions.TestBackendAPI" name="test_health_endpoint" time="0.080" /><testcase classname="tests.test_autonomous_functions.TestBackendAPI" name="test_campaigns_endpoint" time="0.036" /><testcase classname="tests.test_autonomous_functions.TestBackendAPI" name="test_whatsapp_config_endpoint" time="0.039" /><testcase classname="tests.test_autonomous_functions.TestEmailJSConstants" name="test_service_id_constant" time="0.000" /><testcase classname="tests.test_autonomous_functions.TestEmailJSConstants" name="test_template_id_constant" time="0.000" /><testcase classname="tests.test_autonomous_functions.TestEmailJSConstants" name="test_public_key_constant" time="0.000" /></testsuite></testsuites>