<?xml version="1.0" encoding="utf-8"?><testsuites name="pytest tests"><testsuite name="pytest" errors="0" failures="0" skipped="0" tests="10" time="1.017" timestamp="2026-01-18T23:09:28.333765+00:00" hostname="agent-env-148f1cdb-cc6c-4ca2-9ec1-3351cf10b087"><testcase classname="tests.test_audio_playlist_features.TestCoachAuthEmail" name="test_coach_auth_returns_correct_email" time="0.073" /><testcase classname="tests.test_audio_playlist_features.TestCoachAuthEmail" name="test_old_email_not_authorized" time="0.038" /><testcase classname="tests.test_audio_playlist_features.TestCoursePlaylistModel" name="test_create_course_with_playlist" time="0.087" /><testcase classname="tests.test_audio_playlist_features.TestCoursePlaylistModel" name="test_update_course_with_playlist" time="0.172" /><testcase classname="tests.test_audio_playlist_features.TestCoursePlaylistModel" name="test_update_course_empty_playlist" time="0.218" /><testcase classname="tests.test_audio_playlist_features.TestCoursePlaylistModel" name="test_partial_update_preserves_other_fields" time="0.159" /><testcase classname="tests.test_audio_playlist_features.TestCoursesAPI" name="test_get_courses" time="0.038" /><testcase classname="tests.test_audio_playlist_features.TestCoursesAPI" name="test_courses_have_playlist_field" time="0.036" /><testcase classname="tests.test_audio_playlist_features.TestHealthAndBasicEndpoints" name="test_health_check" time="0.041" /><testcase classname="tests.test_audio_playlist_features.TestHealthAndBasicEndpoints" name="test_api_root" time="0.036" /></testsuite></testsuites>