<?xml version="1.0" encoding="utf-8"?><testsuites name="pytest tests"><testsuite name="pytest" errors="0" failures="1" skipped="0" tests="10" time="1.064" timestamp="2026-01-21T11:48:34.335484+00:00" hostname="agent-env-1f0e8f9e-b27f-488e-8e2c-851b8601aa4c"><testcase classname="tests.test_ux_crm_features_v29.TestDeleteParticipantAPI" name="test_create_and_delete_participant" time="0.181" /><testcase classname="tests.test_ux_crm_features_v29.TestDeleteParticipantAPI" name="test_delete_nonexistent_participant" time="0.045" /><testcase classname="tests.test_ux_crm_features_v29.TestDeleteParticipantAPI" name="test_delete_removes_from_sessions" time="0.173" /><testcase classname="tests.test_ux_crm_features_v29.TestChatSessionsAPI" name="test_soft_delete_session" time="0.154" /><testcase classname="tests.test_ux_crm_features_v29.TestChatLinksAPI" name="test_get_chat_links" time="0.037" /><testcase classname="tests.test_ux_crm_features_v29.TestChatLinksAPI" name="test_create_chat_link" time="0.040"><failure message="assert 405 == 200&#10; +  where 405 = &lt;Response [405]&gt;.status_code">tests/test_ux_crm_features_v29.py:171: in test_create_chat_link
    assert response.status_code == 200
E   assert 405 == 200
E    +  where 405 = &lt;Response [405]&gt;.status_code</failure></testcase><testcase classname="tests.test_ux_crm_features_v29.TestHealthAndBasicAPIs" name="test_health_check" time="0.035" /><testcase classname="tests.test_ux_crm_features_v29.TestHealthAndBasicAPIs" name="test_get_participants" time="0.033" /><testcase classname="tests.test_ux_crm_features_v29.TestHealthAndBasicAPIs" name="test_get_sessions" time="0.043" /><testcase classname="tests.test_ux_crm_features_v29.TestUsersAPI" name="test_delete_user_cleans_promo_codes" time="0.189" /></testsuite></testsuites>