<?xml version="1.0" encoding="utf-8"?><testsuites name="pytest tests"><testsuite name="pytest" errors="0" failures="1" skipped="0" tests="12" time="2.289" timestamp="2026-01-17T16:48:41.056899+00:00" hostname="agent-env-624f0af9-ba8a-48c4-bcdf-639076599cdf"><testcase classname="tests.test_batch_discount_codes.TestDiscountCodesAPI" name="test_api_health" time="0.070" /><testcase classname="tests.test_batch_discount_codes.TestDiscountCodesAPI" name="test_get_discount_codes" time="0.038" /><testcase classname="tests.test_batch_discount_codes.TestDiscountCodesAPI" name="test_create_single_discount_code" time="0.049" /><testcase classname="tests.test_batch_discount_codes.TestDiscountCodesAPI" name="test_create_batch_codes_simulation" time="0.201" /><testcase classname="tests.test_batch_discount_codes.TestDiscountCodesAPI" name="test_batch_codes_max_20_limit" time="1.180" /><testcase classname="tests.test_batch_discount_codes.TestDiscountCodesAPI" name="test_toggle_code_active_status" time="0.151" /><testcase classname="tests.test_batch_discount_codes.TestDiscountCodesAPI" name="test_delete_discount_code" time="0.087" /><testcase classname="tests.test_batch_discount_codes.TestDiscountCodesAPI" name="test_validate_discount_code" time="0.049"><failure message="assert False == True">tests/test_batch_discount_codes.py:229: in test_validate_discount_code
    assert result["valid"] == True
E   assert False == True</failure></testcase><testcase classname="tests.test_batch_discount_codes.TestDiscountCodesAPI" name="test_validate_invalid_code" time="0.037" /><testcase classname="tests.test_batch_discount_codes.TestDiscountCodesAPI" name="test_batch_codes_same_parameters" time="0.168" /><testcase classname="tests.test_batch_discount_codes.TestCoachAuthentication" name="test_coach_login_success" time="0.039" /><testcase classname="tests.test_batch_discount_codes.TestCoachAuthentication" name="test_coach_login_failure" time="0.077" /></testsuite></testsuites>